  main.cpp
src\main.cpp(131): warning C4244: '=': conversion from 'double' to 'GLfloat', possible loss of data
src\main.cpp(132): warning C4244: '=': conversion from 'double' to 'GLfloat', possible loss of data
src\main.cpp(137): warning C4244: 'initializing': conversion from 'double' to 'GLfloat', possible loss of data
src\main.cpp(138): warning C4244: 'initializing': conversion from 'double' to 'GLfloat', possible loss of data
src\main.cpp(140): warning C4244: '=': conversion from 'double' to 'GLfloat', possible loss of data
src\main.cpp(141): warning C4244: '=': conversion from 'double' to 'GLfloat', possible loss of data
src\main.cpp(147): warning C4244: 'argument': conversion from 'double' to 'GLfloat', possible loss of data
src\main.cpp(208): warning C4244: 'initializing': conversion from 'double' to 'GLfloat', possible loss of data
src\main.cpp(280): warning C4305: 'argument': truncation from 'double' to 'GLfloat'
src\main.cpp(281): warning C4305: 'argument': truncation from 'double' to 'GLfloat'
src\main.cpp(300): warning C4305: 'argument': truncation from 'double' to 'GLfloat'
src\main.cpp(301): warning C4305: 'argument': truncation from 'double' to 'GLfloat'
libSOIL.lib(SOIL.obj) : warning LNK4075: ignoring '/EDITANDCONTINUE' due to '/OPT:ICF' specification
LINK : warning LNK4098: defaultlib 'MSVCRTD' conflicts with use of other libs; use /NODEFAULTLIB:library
LINK : warning LNK4098: defaultlib 'LIBCMT' conflicts with use of other libs; use /NODEFAULTLIB:library
  Generating code
  14 of 303 functions ( 4.6%) were compiled, the rest were copied from previous compilation.
    0 functions were new in current compilation
    5 functions had inline decision re-evaluated but remain unchanged
  Finished generating code
Mesh.obj : warning LNK4049: locally defined symbol ___glewGenBuffers imported
Mesh.obj : warning LNK4049: locally defined symbol ___glewGenVertexArrays imported
Mesh.obj : warning LNK4049: locally defined symbol ___glewActiveTexture imported
Mesh.obj : warning LNK4049: locally defined symbol ___glewBufferData imported
Mesh.obj : warning LNK4049: locally defined symbol ___glewGetUniformLocation imported
Mesh.obj : warning LNK4049: locally defined symbol ___glewUniform1f imported
Mesh.obj : warning LNK4049: locally defined symbol ___glewBindBuffer imported
Mesh.obj : warning LNK4049: locally defined symbol ___glewVertexAttribPointer imported
Mesh.obj : warning LNK4049: locally defined symbol ___glewBindVertexArray imported
Mesh.obj : warning LNK4049: locally defined symbol ___glewEnableVertexAttribArray imported
Model.obj : warning LNK4049: locally defined symbol ___glewGenerateMipmap imported
Object.obj : warning LNK4049: locally defined symbol ___glewDeleteBuffers imported
Object.obj : warning LNK4049: locally defined symbol ___glewDeleteVertexArrays imported
Shader.obj : warning LNK4049: locally defined symbol ___glewLinkProgram imported
Shader.obj : warning LNK4049: locally defined symbol ___glewDeleteShader imported
Shader.obj : warning LNK4049: locally defined symbol ___glewGetProgramInfoLog imported
Shader.obj : warning LNK4049: locally defined symbol ___glewShaderSource imported
Shader.obj : warning LNK4049: locally defined symbol ___glewAttachShader imported
Shader.obj : warning LNK4049: locally defined symbol ___glewGetProgramiv imported
Shader.obj : warning LNK4049: locally defined symbol ___glewGetShaderInfoLog imported
Shader.obj : warning LNK4049: locally defined symbol ___glewCreateProgram imported
Shader.obj : warning LNK4049: locally defined symbol ___glewCreateShader imported
Shader.obj : warning LNK4049: locally defined symbol ___glewCompileShader imported
Shader.obj : warning LNK4049: locally defined symbol ___glewGetShaderiv imported
Shader.obj : warning LNK4049: locally defined symbol ___glewUseProgram imported
libSOIL.lib(image_DXT.obj) : warning LNK4099: PDB 'SOIL.pdb' was not found with 'libSOIL.lib(image_DXT.obj)' or at 'C:\Users\afolch\Source\Repos\ParallaxMapping\Practica1\Release\SOIL.pdb'; linking object as if no debug info
libSOIL.lib(image_helper.obj) : warning LNK4099: PDB 'SOIL.pdb' was not found with 'libSOIL.lib(image_helper.obj)' or at 'C:\Users\afolch\Source\Repos\ParallaxMapping\Practica1\Release\SOIL.pdb'; linking object as if no debug info
libSOIL.lib(SOIL.obj) : warning LNK4099: PDB 'SOIL.pdb' was not found with 'libSOIL.lib(SOIL.obj)' or at 'C:\Users\afolch\Source\Repos\ParallaxMapping\Practica1\Release\SOIL.pdb'; linking object as if no debug info
libSOIL.lib(stb_image_aug.obj) : warning LNK4099: PDB 'SOIL.pdb' was not found with 'libSOIL.lib(stb_image_aug.obj)' or at 'C:\Users\afolch\Source\Repos\ParallaxMapping\Practica1\Release\SOIL.pdb'; linking object as if no debug info
glew32s.lib(glew.obj) : warning LNK4099: PDB 'vc120.pdb' was not found with 'glew32s.lib(glew.obj)' or at 'C:\Users\afolch\Source\Repos\ParallaxMapping\Practica1\Release\vc120.pdb'; linking object as if no debug info
  Proyecto.vcxproj -> C:\Users\afolch\Source\Repos\ParallaxMapping\Practica1\Release\Practica1.exe
  Proyecto.vcxproj -> C:\Users\afolch\Source\Repos\ParallaxMapping\Practica1\Release\Practica1.pdb (Full PDB)
